<?xml version="1.0" encoding="UTF-8"?>
<!-- Generated by org.testng.reporters.JUnitXMLReporter -->
<testsuite ignored="0" hostname="ATMECSCBELT-018" failures="0" tests="5" name="Authors Details" time="7.964" errors="0" timestamp="24 May 2023 11:13:47 GMT">
  <testcase classname="org.swaggerstest.Authors" name="createAuthor" time="3.865"/>
  <testcase classname="org.swaggerstest.Authors" name="getAuthor" time="1.021"/>
  <testcase classname="org.swaggerstest.Authors" name="getAuthorByBookId" time="0.975"/>
  <testcase classname="org.swaggerstest.Authors" name="updateAuthor" time="1.043"/>
  <testcase classname="org.swaggerstest.Authors" name="deleteAuthor" time="0.939"/>
</testsuite> <!-- Authors Details -->
