<?xml version="1.0" encoding="UTF-8"?>
<testng-results ignored="2" total="4" passed="2" failed="0" skipped="0">
  <reporter-output>
  </reporter-output>
  <suite started-at="2023-06-01T09:50:58Z" name="Suite" finished-at="2023-06-01T09:51:07Z" duration-ms="9235">
    <groups>
      <group name="get">
        <method signature="OauthAthentication.getplaylist()[pri:3, instance:org.test.OauthAthentication@7ca33c24]" name="getplaylist" class="org.test.OauthAthentication"/>
      </group> <!-- get -->
    </groups>
    <test started-at="2023-06-01T09:50:58Z" name="Test" finished-at="2023-06-01T09:51:07Z" duration-ms="9235">
      <class name="org.test.OauthAthentication">
        <test-method signature="getAccessToken()[pri:1, instance:org.test.OauthAthentication@7ca33c24]" started-at="2023-06-01T09:50:58Z" name="getAccessToken" finished-at="2023-06-01T09:51:07Z" duration-ms="8797" status="PASS">
          <reporter-output>
          </reporter-output>
        </test-method> <!-- getAccessToken -->
        <test-method signature="getplaylist()[pri:3, instance:org.test.OauthAthentication@7ca33c24]" started-at="2023-06-01T09:51:07Z" name="getplaylist" finished-at="2023-06-01T09:51:07Z" depends-on-methods="org.test.OauthAthentication.getAccessToken" duration-ms="352" status="PASS">
          <reporter-output>
          </reporter-output>
        </test-method> <!-- getplaylist -->
      </class> <!-- org.test.OauthAthentication -->
    </test> <!-- Test -->
  </suite> <!-- Suite -->
</testng-results>
