<?xml version="1.0" encoding="UTF-8"?>
<testng-results ignored="0" total="1" passed="1" failed="0" skipped="0">
  <reporter-output>
  </reporter-output>
  <suite started-at="2023-05-24T13:28:06Z" name="Default suite" finished-at="2023-05-24T13:28:06Z" duration-ms="179">
    <groups>
    </groups>
    <test started-at="2023-05-24T13:28:06Z" name="Default test" finished-at="2023-05-24T13:28:06Z" duration-ms="179">
      <class name="org.utilities.JsonFileReader">
        <test-method signature="readValue()[pri:0, instance:org.utilities.JsonFileReader@6ed3f258]" started-at="2023-05-24T13:28:06Z" name="readValue" finished-at="2023-05-24T13:28:06Z" duration-ms="86" status="PASS">
          <reporter-output>
          </reporter-output>
        </test-method> <!-- readValue -->
      </class> <!-- org.utilities.JsonFileReader -->
    </test> <!-- Default test -->
  </suite> <!-- Default suite -->
</testng-results>
