<?xml version="1.0" encoding="UTF-8"?>
<testng-results ignored="0" total="1" passed="1" failed="0" skipped="0">
  <reporter-output>
  </reporter-output>
  <suite started-at="2023-05-19T06:04:35Z" name="Default suite" finished-at="2023-05-19T06:04:36Z" duration-ms="955">
    <groups>
    </groups>
    <test started-at="2023-05-19T06:04:35Z" name="Default test" finished-at="2023-05-19T06:04:36Z" duration-ms="955">
      <class name="org.utilities.EndPoint">
        <test-method signature="getData()[pri:0, instance:org.utilities.EndPoint@4b79ac84]" started-at="2023-05-19T06:04:35Z" name="getData" finished-at="2023-05-19T06:04:36Z" duration-ms="874" status="PASS">
          <reporter-output>
          </reporter-output>
        </test-method> <!-- getData -->
      </class> <!-- org.utilities.EndPoint -->
    </test> <!-- Default test -->
  </suite> <!-- Default suite -->
</testng-results>
