<?xml version="1.0" encoding="UTF-8"?>
<!-- Generated by org.testng.reporters.JUnitXMLReporter -->
<testsuite ignored="2" hostname="ATMECSCBELT-018" failures="0" tests="2" name="Default test" time="18.582" errors="0" timestamp="01 Jun 2023 09:45:20 GMT">
  <testcase classname="org.test.OauthAthentication" name="getAccessToken" time="18.008"/>
  <testcase classname="org.test.OauthAthentication" name="getplaylist" time="0.466"/>
  <testcase classname="org.test.OauthAthentication" name="createNewPlayList" time="0.0">
    <ignored/>
  </testcase> <!-- createNewPlayList -->
  <testcase classname="org.test.OauthAthentication" name="updatePlaylist" time="0.0">
    <ignored/>
  </testcase> <!-- updatePlaylist -->
</testsuite> <!-- Default test -->
