<?xml version="1.0" encoding="UTF-8"?>
<testng-results ignored="0" total="1" passed="1" failed="0" skipped="0">
  <reporter-output>
  </reporter-output>
  <suite started-at="2023-05-16T11:56:50Z" name="Default suite" finished-at="2023-05-16T11:56:57Z" duration-ms="7029">
    <groups>
    </groups>
    <test started-at="2023-05-16T11:56:50Z" name="Default test" finished-at="2023-05-16T11:56:57Z" duration-ms="7029">
      <class name="org.baseclass.AuthCode">
        <test-method signature="getAuthCode()[pri:0, instance:org.baseclass.AuthCode@61c4eee0]" started-at="2023-05-16T11:56:50Z" name="getAuthCode" finished-at="2023-05-16T11:56:57Z" duration-ms="7011" status="PASS">
          <reporter-output>
          </reporter-output>
        </test-method> <!-- getAuthCode -->
      </class> <!-- org.baseclass.AuthCode -->
    </test> <!-- Default test -->
  </suite> <!-- Default suite -->
</testng-results>
