<?xml version="1.0" encoding="UTF-8"?>
<testng-results ignored="0" total="1" passed="1" failed="0" skipped="0">
  <reporter-output>
  </reporter-output>
  <suite started-at="2023-05-22T14:42:06Z" name="Default suite" finished-at="2023-05-22T14:42:09Z" duration-ms="3518">
    <groups>
    </groups>
    <test started-at="2023-05-22T14:42:06Z" name="Default test" finished-at="2023-05-22T14:42:09Z" duration-ms="3518">
      <class name="org.api.SchemaValidation">
        <test-method signature="validation()[pri:0, instance:org.api.SchemaValidation@5bf8fa12]" started-at="2023-05-22T14:42:06Z" name="validation" finished-at="2023-05-22T14:42:09Z" duration-ms="3453" status="PASS">
          <reporter-output>
          </reporter-output>
        </test-method> <!-- validation -->
      </class> <!-- org.api.SchemaValidation -->
    </test> <!-- Default test -->
  </suite> <!-- Default suite -->
</testng-results>
